2019-03-18 14:38:55,550 [1] DEBUG mpp.Program - Debug message
2019-03-18 14:39:09,870 [1] DEBUG mpp.Program - Debug message
2019-03-18 14:39:14,249 [1] INFO RefereeRepository - Try to find Referee with username john
2019-03-18 14:43:04,342 [1] DEBUG mpp.Program - Start application
2019-03-18 14:43:09,694 [1] INFO RefereeRepository - Try to find Referee with username john
2019-03-18 14:43:23,886 [1] INFO ScoreRepository - Add score to participant with id 1
2019-03-18 14:43:23,974 [1] INFO ScoreRepository - Add score to participant with id 2
2019-03-18 15:09:38,294 [1] DEBUG mpp.Program - Start application
2019-03-18 15:09:42,838 [1] INFO RefereeRepository - Try to find Referee with username john
2019-03-18 15:09:43,175 [1] INFO ParticipantRepository - Retrived all participants
2019-03-18 15:10:03,026 [1] DEBUG mpp.Program - Start application
2019-03-18 15:10:07,458 [1] INFO RefereeRepository - Try to find Referee with username john
2019-03-18 15:10:07,742 [1] INFO ParticipantRepository - Retrived all participants
2019-03-18 15:13:51,278 [1] DEBUG mpp.Program - Start application
2019-03-18 15:13:55,778 [1] INFO RefereeRepository - Try to find Referee with username john
2019-03-18 15:13:56,045 [1] INFO ParticipantRepository - Retrived all participants
2019-03-18 15:15:26,597 [1] DEBUG mpp.Program - Start application
2019-03-18 15:15:32,745 [1] INFO RefereeRepository - Try to find Referee with username john
2019-03-18 15:15:33,039 [1] INFO ParticipantRepository - Retrived all participants
2019-03-18 15:15:57,305 [1] DEBUG mpp.Program - Start application
2019-03-18 15:16:01,658 [1] INFO RefereeRepository - Try to find Referee with username john
2019-03-18 15:16:01,958 [1] INFO ParticipantRepository - Retrived all participants
2019-03-18 15:16:22,015 [1] INFO ScoreRepository - Add score to participant with id 1
2019-03-18 15:16:22,016 [1] INFO ScoreRepository - Add score to participant with id 2
2019-03-18 15:16:22,068 [1] INFO ParticipantRepository - Retrived all participants
2019-03-18 15:17:40,922 [1] DEBUG mpp.Program - Start application
2019-03-18 15:17:45,121 [1] INFO RefereeRepository - Try to find Referee with username john
2019-03-18 15:17:45,416 [1] INFO ParticipantRepository - Retrived all participants
2019-03-18 15:17:56,643 [1] INFO RefereeRepository - Try to find Referee with username jane
2019-03-18 15:17:56,649 [1] INFO ParticipantRepository - Retrived all participants
2019-03-18 15:18:18,157 [1] INFO RefereeRepository - Try to find Referee with username cmatei
2019-03-18 15:19:21,082 [1] INFO RefereeRepository - Try to find Referee with username john
2019-03-18 15:19:21,089 [1] INFO ParticipantRepository - Retrived all participants
2019-03-18 15:19:47,813 [1] DEBUG mpp.Program - Start application
2019-03-18 15:19:53,102 [1] INFO RefereeRepository - Try to find Referee with username cmatei
2019-03-18 15:19:53,392 [1] INFO ParticipantRepository - Retrived all participants
2019-03-18 15:26:45,842 [1] DEBUG mpp.Program - Start application
2019-03-18 15:26:50,123 [1] INFO RefereeRepository - Try to find Referee with username john
2019-03-18 15:26:50,440 [1] INFO ParticipantRepository - Retrived all participants
2019-03-18 15:27:46,419 [1] DEBUG mpp.Program - Start application
2019-03-18 15:27:53,168 [1] INFO RefereeRepository - Try to find Referee with username aaa
2019-03-18 15:28:02,063 [1] INFO RefereeRepository - Try to find Referee with username john
2019-03-18 15:28:02,081 [1] INFO ParticipantRepository - Retrived all participants
2019-03-18 15:28:41,906 [1] INFO ScoreRepository - Add score to participant with id 1
2019-03-18 15:28:41,954 [1] INFO ScoreRepository - Add score to participant with id 2
2019-03-18 15:28:41,968 [1] INFO ParticipantRepository - Retrived all participants
2019-03-18 15:29:03,151 [1] INFO RefereeRepository - Try to find Referee with username jane
2019-03-18 15:29:03,160 [1] INFO ParticipantRepository - Retrived all participants
2019-03-20 21:33:25,113 [1] DEBUG mpp.Program - Start application
2019-03-20 21:33:30,792 [1] INFO RefereeRepository - Try to find Referee with username john
2019-03-20 21:33:31,306 [1] INFO ParticipantRepository - Retrived all participants
